info it worked if it ends with ok
verbose cli [ 'node', '/usr/local/bin/npm', 'install', 'nodemon', '-g' ]
info using npm@1.1.21
info using node@v0.6.18
verbose config file /Users/skplanet/.npmrc
verbose config file /usr/local/etc/npmrc
verbose config file /usr/local/lib/node_modules/npm/npmrc
verbose cache add [ 'nodemon', null ]
silly cache add: name, spec, args [ undefined, 'nodemon', [ 'nodemon', null ] ]
verbose parsed url { pathname: 'nodemon', path: 'nodemon', href: 'nodemon' }
verbose addNamed [ 'nodemon', '' ]
verbose addNamed [ null, '' ]
silly name, range, hasData [ 'nodemon', '', false ]
verbose raw, before any munging nodemon
verbose url resolving [ 'https://registry.npmjs.org/', './nodemon' ]
verbose url resolved https://registry.npmjs.org/nodemon
http GET https://registry.npmjs.org/nodemon
http 200 https://registry.npmjs.org/nodemon
silly get cb [ 200,
silly get cb   { vary: 'Accept',
silly get cb     server: 'CouchDB/1.2.0 (Erlang OTP/R15B)',
silly get cb     etag: '"BOKPFQYCWTYE71S9MW1TRP45H"',
silly get cb     date: 'Thu, 31 May 2012 06:21:51 GMT',
silly get cb     'content-type': 'application/json',
silly get cb     'content-length': '155179' } ]
silly name, range, hasData 2 [ 'nodemon', '', true ]
silly versions [ 'nodemon',
silly versions   [ '0.1.4',
silly versions     '0.1.5',
silly versions     '0.1.6',
silly versions     '0.1.7',
silly versions     '0.1.8',
silly versions     '0.2.0',
silly versions     '0.2.1',
silly versions     '0.2.2',
silly versions     '0.3.0',
silly versions     '0.3.1',
silly versions     '0.3.2',
silly versions     '0.4.0',
silly versions     '0.4.1',
silly versions     '0.5.0',
silly versions     '0.5.1',
silly versions     '0.5.2',
silly versions     '0.5.3',
silly versions     '0.5.4',
silly versions     '0.5.5',
silly versions     '0.5.6',
silly versions     '0.5.7',
silly versions     '0.6.0',
silly versions     '0.6.1',
silly versions     '0.6.2',
silly versions     '0.6.3',
silly versions     '0.6.4',
silly versions     '0.6.5',
silly versions     '0.6.6',
silly versions     '0.6.7',
silly versions     '0.6.8',
silly versions     '0.6.9',
silly versions     '0.6.10',
silly versions     '0.6.10a',
silly versions     '0.6.11',
silly versions     '0.6.12',
silly versions     '0.6.13',
silly versions     '0.6.14',
silly versions     '0.6.15',
silly versions     '0.6.16',
silly versions     '0.6.17',
silly versions     '0.6.18' ] ]
verbose bin dist [ '0.6-ares1.7.5-DEV-evundefined-openssl0.9.8r-v83.6.6.25-darwin-x64-11.4.0',
verbose bin dist   { shasum: 'e3fe6cd4fe29acf135058cafd461dfbcf8a277fd',
verbose bin dist     tarball: 'http://registry.npmjs.org/nodemon/-/nodemon-0.6.18.tgz' } ]
verbose addRemoteTarball [ 'https://registry.npmjs.org/nodemon/-/nodemon-0.6.18.tgz',
verbose addRemoteTarball   'e3fe6cd4fe29acf135058cafd461dfbcf8a277fd' ]
verbose fetch to /var/folders/qh/xxbq5v2561v2jcnh8f_w50340000gn/T/npm-1338445312776/1338445312858-0.4536668239161372/tmp.tgz
http GET https://registry.npmjs.org/nodemon/-/nodemon-0.6.18.tgz
http 200 https://registry.npmjs.org/nodemon/-/nodemon-0.6.18.tgz
silly updated sha bytes 8468
info shasum e3fe6cd4fe29acf135058cafd461dfbcf8a277fd
info shasum /var/folders/qh/xxbq5v2561v2jcnh8f_w50340000gn/T/npm-1338445312776/1338445312858-0.4536668239161372/tmp.tgz
verbose unpack /var/folders/qh/xxbq5v2561v2jcnh8f_w50340000gn/T/npm-1338445312776/1338445312858-0.4536668239161372/tmp.tgz
silly gunzTarPerm modes [ '755', '644' ]
silly extracting entry nodemon.js
silly extracting entry nodemonignore.example
silly extracting entry package.json
silly extracting entry README.md
verbose caching /var/folders/qh/xxbq5v2561v2jcnh8f_w50340000gn/T/npm-1338445312776/1338445312858-0.4536668239161372/package/package.json
verbose loadDefaults nodemon@0.6.18
verbose from cache /var/folders/qh/xxbq5v2561v2jcnh8f_w50340000gn/T/npm-1338445312776/1338445312858-0.4536668239161372/package/package.json
verbose tar.pack [ '/Users/skplanet/.npm/nodemon/0.6.18/package.tgz',
verbose tar.pack   '/var/folders/qh/xxbq5v2561v2jcnh8f_w50340000gn/T/npm-1338445312776/1338445312858-0.4536668239161372/package' ]
verbose tarball /Users/skplanet/.npm/nodemon/0.6.18/package.tgz
verbose folder /var/folders/qh/xxbq5v2561v2jcnh8f_w50340000gn/T/npm-1338445312776/1338445312858-0.4536668239161372/package
verbose unpack /Users/skplanet/.npm/nodemon/0.6.18/package.tgz
silly gunzTarPerm modes [ '755', '644' ]
silly extracting entry package.json
silly extracting entry README.md
silly extracting entry nodemon.js
silly extracting entry nodemonignore.example
verbose caching /Users/skplanet/.npm/nodemon/0.6.18/package/package.json
verbose loadDefaults nodemon@0.6.18
silly updated sha bytes 8412
info shasum 6dc1184483cfaef973fe4f1588c139b53ed82ddc
info shasum /Users/skplanet/.npm/nodemon/0.6.18/package.tgz
verbose from cache /Users/skplanet/.npm/nodemon/0.6.18/package/package.json
verbose chmod /Users/skplanet/.npm/nodemon/0.6.18/package.tgz 644
verbose chown [ '/Users/skplanet/.npm/nodemon/0.6.18/package.tgz', 501, 20 ]
silly resolved [ { name: 'nodemon',
silly resolved     homepage: 'http://github.com/remy/nodemon',
silly resolved     author: { name: 'Remy Sharp', url: 'http://github.com/remy' },
silly resolved     bin: { nodemon: './nodemon.js' },
silly resolved     repository: { type: 'git', url: 'git://github.com/remy/nodemon.git' },
silly resolved     description: 'Simple monitor script for use during development of a node.js app.',
silly resolved     keywords: 
silly resolved      [ 'monitor',
silly resolved        'development',
silly resolved        'restart',
silly resolved        'autoload',
silly resolved        'reload',
silly resolved        'terminal' ],
silly resolved     version: '0.6.18',
silly resolved     preferGlobal: 'true',
silly resolved     licenses: [ { type: 'MIT', url: 'http://rem.mit-license.org' } ],
silly resolved     main: './nodemon',
silly resolved     _id: 'nodemon@0.6.18',
silly resolved     dependencies: {},
silly resolved     devDependencies: {},
silly resolved     optionalDependencies: {},
silly resolved     engines: { node: '*' },
silly resolved     _engineSupported: true,
silly resolved     _npmVersion: '1.1.21',
silly resolved     _nodeVersion: 'v0.6.18',
silly resolved     _defaultsLoaded: true,
silly resolved     dist: { shasum: '6dc1184483cfaef973fe4f1588c139b53ed82ddc' },
silly resolved     _from: 'nodemon' } ]
info into /usr/local/lib nodemon@0.6.18
info installOne nodemon@0.6.18
verbose from cache /Users/skplanet/.npm/nodemon/0.6.18/package/package.json
info unbuild /usr/local/lib/node_modules/nodemon
verbose unpack /Users/skplanet/.npm/nodemon/0.6.18/package.tgz
silly gunzTarPerm modes [ '755', '644' ]
ERR! Error: EACCES, mkdir '/usr/local/lib/node_modules/nodemon'
ERR! 
ERR! Please try running this command again as root/Administrator.
ERR! 
ERR! System Darwin 11.4.0
ERR! command "node" "/usr/local/bin/npm" "install" "nodemon" "-g"
ERR! cwd /Users/skplanet/Documents/workspace/nodeserver
ERR! node -v v0.6.18
ERR! npm -v 1.1.21
ERR! path /usr/local/lib/node_modules/nodemon
ERR! fstream_path /usr/local/lib/node_modules/nodemon
ERR! fstream_type Directory
ERR! fstream_class DirWriter
ERR! code EACCES
ERR! message EACCES, mkdir '/usr/local/lib/node_modules/nodemon'
ERR! errno {}
ERR! fstream_stack /usr/local/lib/node_modules/npm/node_modules/fstream/lib/dir-writer.js:36:23
ERR! fstream_stack Object.oncomplete (/usr/local/lib/node_modules/npm/node_modules/mkdirp/index.js:42:17)
verbose exit [ 1, true ]
